<?xml version="1.0" encoding="UTF-8"?>
<testng-results skipped="0" failed="0" ignored="0" total="1" passed="1">
  <reporter-output>
  </reporter-output>
  <suite name="Default suite" duration-ms="3705" started-at="2023-07-30T11:51:26 IST" finished-at="2023-07-30T11:51:30 IST">
    <groups>
    </groups>
    <test name="Default test" duration-ms="3705" started-at="2023-07-30T11:51:26 IST" finished-at="2023-07-30T11:51:30 IST">
      <class name="extent.e1">
        <test-method status="PASS" signature="startTest()[pri:0, instance:extent.e1@4abdb505]" name="startTest" is-config="true" duration-ms="93" started-at="2023-07-30T11:51:26 IST" finished-at="2023-07-30T11:51:26 IST">
          <reporter-output>
          </reporter-output>
        </test-method> <!-- startTest -->
        <test-method status="PASS" signature="extentReportsDemo()[pri:0, instance:extent.e1@4abdb505]" name="extentReportsDemo" duration-ms="3416" started-at="2023-07-30T11:51:26 IST" finished-at="2023-07-30T11:51:30 IST">
          <reporter-output>
          </reporter-output>
        </test-method> <!-- extentReportsDemo -->
        <test-method status="PASS" signature="endTest()[pri:0, instance:extent.e1@4abdb505]" name="endTest" is-config="true" duration-ms="173" started-at="2023-07-30T11:51:30 IST" finished-at="2023-07-30T11:51:30 IST">
          <reporter-output>
          </reporter-output>
        </test-method> <!-- endTest -->
      </class> <!-- extent.e1 -->
    </test> <!-- Default test -->
  </suite> <!-- Default suite -->
</testng-results>
